Using pre-set license
Built from '2020.3/staging' branch; Version is '2020.3.25f1 (9b9180224418) revision 10195328'; Using compiler version '192528614'; Build Type 'Release'
OS: 'Windows 10  (10.0.19043) 64bit Professional' Language: 'it' Physical Memory: 8152 MB
BatchMode: 1, IsHumanControllingUs: 0, StartBugReporterOnCrash: 0, Is64bit: 1, IsPro: 0

COMMAND LINE ARGUMENTS:
D:\Work\UnityVer\2020.3.25f1\Editor\Unity.exe
-adb2
-batchMode
-noUpm
-name
AssetImportWorker0
-projectPath
D:/Work/Dressed_Avatar
-logFile
Logs/AssetImportWorker0.log
-srvPort
59923
Successfully changed project path to: D:/Work/Dressed_Avatar
D:/Work/Dressed_Avatar
Using Asset Import Pipeline V2.
Refreshing native plugins compatible for Editor in 35.25 ms, found 2 plugins.
Preloading 0 native plugins for Editor in 0.00 ms.
Initialize engine version: 2020.3.25f1 (9b9180224418)
[Subsystems] Discovering subsystems at path D:/Work/UnityVer/2020.3.25f1/Editor/Data/Resources/UnitySubsystems
[Subsystems] Discovering subsystems at path D:/Work/Dressed_Avatar/Assets
GfxDevice: creating device client; threaded=0
Direct3D:
    Version:  Direct3D 11.0 [level 11.1]
    Renderer: NVIDIA GeForce GTX 1050 Ti (ID=0x1c82)
    Vendor:   
    VRAM:     4018 MB
    Driver:   27.21.14.5671
Initialize mono
Mono path[0] = 'D:/Work/UnityVer/2020.3.25f1/Editor/Data/Managed'
Mono path[1] = 'D:/Work/UnityVer/2020.3.25f1/Editor/Data/MonoBleedingEdge/lib/mono/unityjit'
Mono config path = 'D:/Work/UnityVer/2020.3.25f1/Editor/Data/MonoBleedingEdge/etc'
Using monoOptions --debugger-agent=transport=dt_socket,embedding=1,server=y,suspend=n,address=127.0.0.1:56848
Begin MonoManager ReloadAssembly
Registering precompiled unity dll's ...
Register platform support module: D:/Work/UnityVer/2020.3.25f1/Editor/Data/PlaybackEngines/WindowsStandaloneSupport/UnityEditor.WindowsStandalone.Extensions.dll
Registered in 0.001135 seconds.
Native extension for WindowsStandalone target not found
Refreshing native plugins compatible for Editor in 34.34 ms, found 2 plugins.
Preloading 0 native plugins for Editor in 0.00 ms.
Mono: successfully reloaded assembly
- Completed reload, in  0.616 seconds
Domain Reload Profiling:
	ReloadAssembly (616ms)
		BeginReloadAssembly (55ms)
			ExecutionOrderSort (0ms)
			DisableScriptedObjects (0ms)
			BackupInstance (0ms)
			ReleaseScriptingObjects (0ms)
			CreateAndSetChildDomain (1ms)
		EndReloadAssembly (490ms)
			LoadAssemblies (54ms)
			RebuildTransferFunctionScriptingTraits (0ms)
			SetupTypeCache (165ms)
			ReleaseScriptCaches (0ms)
			RebuildScriptCaches (33ms)
			SetupLoadedEditorAssemblies (183ms)
				LogAssemblyErrors (0ms)
				InitializePlatformSupportModulesInManaged (6ms)
				SetLoadedEditorAssemblies (0ms)
				RefreshPlugins (34ms)
				BeforeProcessingInitializeOnLoad (18ms)
				ProcessInitializeOnLoadAttributes (88ms)
				ProcessInitializeOnLoadMethodAttributes (37ms)
				AfterProcessingInitializeOnLoad (0ms)
				EditorAssembliesLoaded (0ms)
			ExecutionOrderSort2 (0ms)
			AwakeInstancesAfterBackupRestoration (0ms)
Platform modules already initialized, skipping
Registering precompiled user dll's ...
Registered in 0.003341 seconds.
Begin MonoManager ReloadAssembly
Native extension for WindowsStandalone target not found
Refreshing native plugins compatible for Editor in 0.31 ms, found 2 plugins.
Preloading 0 native plugins for Editor in 0.00 ms.
Mono: successfully reloaded assembly
- Completed reload, in  1.065 seconds
Domain Reload Profiling:
	ReloadAssembly (1066ms)
		BeginReloadAssembly (151ms)
			ExecutionOrderSort (0ms)
			DisableScriptedObjects (6ms)
			BackupInstance (0ms)
			ReleaseScriptingObjects (0ms)
			CreateAndSetChildDomain (18ms)
		EndReloadAssembly (854ms)
			LoadAssemblies (87ms)
			RebuildTransferFunctionScriptingTraits (0ms)
			SetupTypeCache (303ms)
			ReleaseScriptCaches (0ms)
			RebuildScriptCaches (45ms)
			SetupLoadedEditorAssemblies (313ms)
				LogAssemblyErrors (0ms)
				InitializePlatformSupportModulesInManaged (4ms)
				SetLoadedEditorAssemblies (0ms)
				RefreshPlugins (0ms)
				BeforeProcessingInitializeOnLoad (78ms)
				ProcessInitializeOnLoadAttributes (216ms)
				ProcessInitializeOnLoadMethodAttributes (10ms)
				AfterProcessingInitializeOnLoad (3ms)
				EditorAssembliesLoaded (0ms)
			ExecutionOrderSort2 (0ms)
			AwakeInstancesAfterBackupRestoration (6ms)
Platform modules already initialized, skipping
========================================================================
Worker process is ready to serve import requests
Launched and connected shader compiler UnityShaderCompiler.exe after 0.07 seconds
Refreshing native plugins compatible for Editor in 0.31 ms, found 2 plugins.
Preloading 0 native plugins for Editor in 0.00 ms.
Unloading 1505 Unused Serialized files (Serialized files now loaded: 0)
System memory in use before: 68.8 MB.
System memory in use after: 68.9 MB.

Unloading 19 unused Assets to reduce memory usage. Loaded Objects now: 1937.
Total: 2.408400 ms (FindLiveObjects: 0.142400 ms CreateObjectMapping: 0.059600 ms MarkObjects: 2.148600 ms  DeleteObjects: 0.057100 ms)

AssetImportParameters requested are different than current active one (requested -> active):
  custom:framework-win-MediaFoundation: 216162199b28c13a410421893ffa2e32 -> 
  custom:video-decoder-ogg-theora: a1e56fd34408186e4bbccfd4996cb3dc -> 
  custom:container-muxer-webm: aa71ff27fc2769a1b78a27578f13a17b -> 
  custom:container-demuxer-webm: 4f35f7cbe854078d1ac9338744f61a02 -> 
  custom:container-demuxer-ogg: 62fdf1f143b41e24485cea50d1cbac27 -> 
  custom:video-encoder-webm-vp8: eb34c28f22e8b96e1ab97ce403110664 -> 
  custom:video-decoder-webm-vp8: 9c59270c3fd7afecdb556c50c9e8de78 -> 
  custom:audio-decoder-ogg-vorbis: bf7c407c2cedff20999df2af8eb42d56 -> 
  custom:audio-encoder-webm-vorbis: bf7c407c2cedff20999df2af8eb42d56 -> 
========================================================================
Received Import Request.
  path: Assets/Scenes/PoseScene.unity
  artifactKey: Guid(2981be5f63068684d84e3c56e3b85d81) Importer(815301076,1909f56bfc062723c751e8b465ee728b)
Start importing Assets/Scenes/PoseScene.unity using Guid(2981be5f63068684d84e3c56e3b85d81) Importer(815301076,1909f56bfc062723c751e8b465ee728b)  -> (artifact id: 'd5a74f84eb3a2d840bf0c09876880fca') in 0.019863 seconds 
  Import took 0.022430 seconds .

========================================================================
Received Import Request.
  Time since last request: 59.507540 seconds.
  path: Assets/Scenes/BodyShape/Pose
  artifactKey: Guid(7e277177db59bdb418497d23e1183e2c) Importer(815301076,1909f56bfc062723c751e8b465ee728b)
Start importing Assets/Scenes/BodyShape/Pose using Guid(7e277177db59bdb418497d23e1183e2c) Importer(815301076,1909f56bfc062723c751e8b465ee728b)  -> (artifact id: 'b043e5fd85092bb12033bd94dfff3973') in 0.012444 seconds 
  Import took 0.014861 seconds .

========================================================================
Received Import Request.
  Time since last request: 1.127827 seconds.
  path: Assets/Scenes/BodyShape/Pose/Large
  artifactKey: Guid(a50ec24d4da474c43ac9f28e43061a44) Importer(815301076,1909f56bfc062723c751e8b465ee728b)
Start importing Assets/Scenes/BodyShape/Pose/Large using Guid(a50ec24d4da474c43ac9f28e43061a44) Importer(815301076,1909f56bfc062723c751e8b465ee728b)  -> (artifact id: '830f30f5d4587b54c13b3d601d2b6a2a') in 0.019919 seconds 
  Import took 0.034070 seconds .

========================================================================
Received Import Request.
  Time since last request: 0.046045 seconds.
  path: Assets/Scenes/BodyShape/Pose/Large/LargeBody@Female Laying Pose.fbx
  artifactKey: Guid(d572a2a3a18a14641aee30b4e48bc738) Importer(815301076,1909f56bfc062723c751e8b465ee728b)
Start importing Assets/Scenes/BodyShape/Pose/Large/LargeBody@Female Laying Pose.fbx using Guid(d572a2a3a18a14641aee30b4e48bc738) Importer(815301076,1909f56bfc062723c751e8b465ee728b)  -> (artifact id: 'f31fbee9f588500c0e691280fbf58dbc') in 0.161000 seconds 
  Import took 0.163823 seconds .

========================================================================
Received Import Request.
  Time since last request: 0.000262 seconds.
  path: Assets/Scenes/BodyShape/Pose/Large/LargeBody@Male Standing Pose.fbx
  artifactKey: Guid(93c9baad62254704fbc47e8c8f3f9b3a) Importer(815301076,1909f56bfc062723c751e8b465ee728b)
Start importing Assets/Scenes/BodyShape/Pose/Large/LargeBody@Male Standing Pose.fbx using Guid(93c9baad62254704fbc47e8c8f3f9b3a) Importer(815301076,1909f56bfc062723c751e8b465ee728b)  -> (artifact id: 'f5ab8d9fb8eda7f7c8297c4e667a48f3') in 0.042210 seconds 
  Import took 0.044690 seconds .

========================================================================
Received Import Request.
  Time since last request: 0.000199 seconds.
  path: Assets/Scenes/BodyShape/Pose/Large/LargeBody@Male Sitting Pose.fbx
  artifactKey: Guid(c541c0ae3502fe942b4cdf21685f2150) Importer(815301076,1909f56bfc062723c751e8b465ee728b)
Start importing Assets/Scenes/BodyShape/Pose/Large/LargeBody@Male Sitting Pose.fbx using Guid(c541c0ae3502fe942b4cdf21685f2150) Importer(815301076,1909f56bfc062723c751e8b465ee728b)  -> (artifact id: 'bf21581d1d3f4ec121b3cc06a21f4331') in 0.040985 seconds 
  Import took 0.045847 seconds .

========================================================================
Received Import Request.
  Time since last request: 36.836866 seconds.
  path: Assets/Scenes/BodyShape/Pose/Large/LargeBody@Female Laying Pose.fbx
  artifactKey: Guid(d572a2a3a18a14641aee30b4e48bc738) Importer(815301076,1909f56bfc062723c751e8b465ee728b)
Start importing Assets/Scenes/BodyShape/Pose/Large/LargeBody@Female Laying Pose.fbx using Guid(d572a2a3a18a14641aee30b4e48bc738) Importer(815301076,1909f56bfc062723c751e8b465ee728b)  -> (artifact id: '9167b5fd6ca54517f12b556847ed9888') in 0.055185 seconds 
  Import took 0.067130 seconds .

========================================================================
Received Import Request.
  Time since last request: 2.704842 seconds.
  path: Assets/Scenes/BodyShape/Pose/Large/LargeBody@Male Sitting Pose.fbx
  artifactKey: Guid(c541c0ae3502fe942b4cdf21685f2150) Importer(815301076,1909f56bfc062723c751e8b465ee728b)
Start importing Assets/Scenes/BodyShape/Pose/Large/LargeBody@Male Sitting Pose.fbx using Guid(c541c0ae3502fe942b4cdf21685f2150) Importer(815301076,1909f56bfc062723c751e8b465ee728b)  -> (artifact id: '7671745a7865d16c9f7df615f24245f2') in 0.052338 seconds 
  Import took 0.055214 seconds .

========================================================================
Received Import Request.
  Time since last request: 2.250234 seconds.
  path: Assets/Scenes/BodyShape/Pose/Large/LargeBody@Male Standing Pose.fbx
  artifactKey: Guid(93c9baad62254704fbc47e8c8f3f9b3a) Importer(815301076,1909f56bfc062723c751e8b465ee728b)
Start importing Assets/Scenes/BodyShape/Pose/Large/LargeBody@Male Standing Pose.fbx using Guid(93c9baad62254704fbc47e8c8f3f9b3a) Importer(815301076,1909f56bfc062723c751e8b465ee728b)  -> (artifact id: 'ec37c4ba99d0a89db8d294aef3cfb7e5') in 0.031458 seconds 
  Import took 0.040931 seconds .

========================================================================
Received Import Request.
  Time since last request: 1.713219 seconds.
  path: Assets/Scenes/BodyShape/Pose/Medium/Mediumbody@Female Laying Pose.fbx
  artifactKey: Guid(8c410c8ae0c51b6439b89fd6f0c61125) Importer(815301076,1909f56bfc062723c751e8b465ee728b)
Start importing Assets/Scenes/BodyShape/Pose/Medium/Mediumbody@Female Laying Pose.fbx using Guid(8c410c8ae0c51b6439b89fd6f0c61125) Importer(815301076,1909f56bfc062723c751e8b465ee728b)  -> (artifact id: '0a1b60307bbc80b872277e8722b8e955') in 0.033114 seconds 
  Import took 0.044562 seconds .

========================================================================
Received Import Request.
  Time since last request: 0.000266 seconds.
  path: Assets/Scenes/BodyShape/Pose/Medium/Mediumbody@Male Sitting Pose.fbx
  artifactKey: Guid(172e4f83bf2738d4cb35e5867b4b69f1) Importer(815301076,1909f56bfc062723c751e8b465ee728b)
Start importing Assets/Scenes/BodyShape/Pose/Medium/Mediumbody@Male Sitting Pose.fbx using Guid(172e4f83bf2738d4cb35e5867b4b69f1) Importer(815301076,1909f56bfc062723c751e8b465ee728b)  -> (artifact id: '9eb311c7db6710bcf90c9a399a2a2d69') in 0.039101 seconds 
  Import took 0.041480 seconds .

========================================================================
Received Import Request.
  Time since last request: 0.000239 seconds.
  path: Assets/Scenes/BodyShape/Pose/Medium/Mediumbody@Male Standing Pose.fbx
  artifactKey: Guid(098c612d2939c114a9aea003c79f015a) Importer(815301076,1909f56bfc062723c751e8b465ee728b)
Start importing Assets/Scenes/BodyShape/Pose/Medium/Mediumbody@Male Standing Pose.fbx using Guid(098c612d2939c114a9aea003c79f015a) Importer(815301076,1909f56bfc062723c751e8b465ee728b)  -> (artifact id: '895ab0bdfd77930d7a1434a93189013c') in 0.035786 seconds 
  Import took 0.038163 seconds .

========================================================================
Received Import Request.
  Time since last request: 3.586444 seconds.
  path: Assets/Scenes/BodyShape/Pose/Medium/Mediumbody@Female Laying Pose.fbx
  artifactKey: Guid(8c410c8ae0c51b6439b89fd6f0c61125) Importer(815301076,1909f56bfc062723c751e8b465ee728b)
Start importing Assets/Scenes/BodyShape/Pose/Medium/Mediumbody@Female Laying Pose.fbx using Guid(8c410c8ae0c51b6439b89fd6f0c61125) Importer(815301076,1909f56bfc062723c751e8b465ee728b)  -> (artifact id: 'cb06a1ac56bd38aba6bb14bcb72dccc8') in 0.050389 seconds 
  Import took 0.057963 seconds .

========================================================================
Received Import Request.
  Time since last request: 2.462473 seconds.
  path: Assets/Scenes/BodyShape/Pose/Medium/Mediumbody@Male Sitting Pose.fbx
  artifactKey: Guid(172e4f83bf2738d4cb35e5867b4b69f1) Importer(815301076,1909f56bfc062723c751e8b465ee728b)
Start importing Assets/Scenes/BodyShape/Pose/Medium/Mediumbody@Male Sitting Pose.fbx using Guid(172e4f83bf2738d4cb35e5867b4b69f1) Importer(815301076,1909f56bfc062723c751e8b465ee728b)  -> (artifact id: '58932ad47ec7705b4826c58c12b87b64') in 0.052749 seconds 
  Import took 0.056350 seconds .

========================================================================
Received Import Request.
  Time since last request: 2.051150 seconds.
  path: Assets/Scenes/BodyShape/Pose/Slim/Slimbody@Female Laying Pose.fbx
  artifactKey: Guid(50265e61e07f5d44891ba2d37138fbb7) Importer(815301076,1909f56bfc062723c751e8b465ee728b)
Start importing Assets/Scenes/BodyShape/Pose/Slim/Slimbody@Female Laying Pose.fbx using Guid(50265e61e07f5d44891ba2d37138fbb7) Importer(815301076,1909f56bfc062723c751e8b465ee728b)  -> (artifact id: '1695d4c3e22f41f842e1a023813b1b4c') in 0.030291 seconds 
  Import took 0.033196 seconds .

========================================================================
Received Import Request.
  Time since last request: 0.000249 seconds.
  path: Assets/Scenes/BodyShape/Pose/Slim/Slimbody@Male Sitting Pose.fbx
  artifactKey: Guid(02639e5013ffdd7499909bb6f0b5f602) Importer(815301076,1909f56bfc062723c751e8b465ee728b)
Start importing Assets/Scenes/BodyShape/Pose/Slim/Slimbody@Male Sitting Pose.fbx using Guid(02639e5013ffdd7499909bb6f0b5f602) Importer(815301076,1909f56bfc062723c751e8b465ee728b)  -> (artifact id: '0543e7e494adf4123cbbad9912226089') in 0.035832 seconds 
  Import took 0.038330 seconds .

========================================================================
Received Import Request.
  Time since last request: 0.000209 seconds.
  path: Assets/Scenes/BodyShape/Pose/Slim/Slimbody@Male Standing Pose.fbx
  artifactKey: Guid(b1939d69a8d645a4293d9252ad370845) Importer(815301076,1909f56bfc062723c751e8b465ee728b)
Start importing Assets/Scenes/BodyShape/Pose/Slim/Slimbody@Male Standing Pose.fbx using Guid(b1939d69a8d645a4293d9252ad370845) Importer(815301076,1909f56bfc062723c751e8b465ee728b)  -> (artifact id: '01cd73034d3791ad7c1e1b9994afdda0') in 0.037316 seconds 
  Import took 0.039836 seconds .

========================================================================
Received Import Request.
  Time since last request: 4.264044 seconds.
  path: Assets/Scenes/BodyShape/Pose/Slim/Slimbody@Female Laying Pose.fbx
  artifactKey: Guid(50265e61e07f5d44891ba2d37138fbb7) Importer(815301076,1909f56bfc062723c751e8b465ee728b)
Start importing Assets/Scenes/BodyShape/Pose/Slim/Slimbody@Female Laying Pose.fbx using Guid(50265e61e07f5d44891ba2d37138fbb7) Importer(815301076,1909f56bfc062723c751e8b465ee728b)  -> (artifact id: '8677a5be2a41cd551345d8dbeea048b0') in 0.044031 seconds 
  Import took 0.047283 seconds .

========================================================================
Received Import Request.
  Time since last request: 2.502114 seconds.
  path: Assets/Scenes/BodyShape/Pose/Slim/Slimbody@Male Sitting Pose.fbx
  artifactKey: Guid(02639e5013ffdd7499909bb6f0b5f602) Importer(815301076,1909f56bfc062723c751e8b465ee728b)
Start importing Assets/Scenes/BodyShape/Pose/Slim/Slimbody@Male Sitting Pose.fbx using Guid(02639e5013ffdd7499909bb6f0b5f602) Importer(815301076,1909f56bfc062723c751e8b465ee728b)  -> (artifact id: 'ea4bfeced1f0138407fdb436a820e243') in 0.042153 seconds 
  Import took 0.045453 seconds .

========================================================================
Received Import Request.
  Time since last request: 1.728526 seconds.
  path: Assets/Scenes/BodyShape/Pose/Slim/Slimbody@Male Standing Pose.fbx
  artifactKey: Guid(b1939d69a8d645a4293d9252ad370845) Importer(815301076,1909f56bfc062723c751e8b465ee728b)
Start importing Assets/Scenes/BodyShape/Pose/Slim/Slimbody@Male Standing Pose.fbx using Guid(b1939d69a8d645a4293d9252ad370845) Importer(815301076,1909f56bfc062723c751e8b465ee728b)  -> (artifact id: '4a44b07fd28ad190f195e766315322f5') in 0.047112 seconds 
  Import took 0.050401 seconds .

========================================================================
Received Import Request.
  Time since last request: 30.719230 seconds.
  path: Assets/Scenes/BodyShape/Animations/Large/Breathing IdleL.fbx
  artifactKey: Guid(8c0a893e7d15a2c4f83e66af1901c458) Importer(815301076,1909f56bfc062723c751e8b465ee728b)
Start importing Assets/Scenes/BodyShape/Animations/Large/Breathing IdleL.fbx using Guid(8c0a893e7d15a2c4f83e66af1901c458) Importer(815301076,1909f56bfc062723c751e8b465ee728b)  -> (artifact id: '47c31e5d609e700f20a9ff185400ca9c') in 0.045226 seconds 
  Import took 0.048543 seconds .

========================================================================
Received Import Request.
  Time since last request: 0.000198 seconds.
  path: Assets/Scenes/BodyShape/Animations/Medium/Breathing IdleM.fbx
  artifactKey: Guid(61c11446f00f2ee419e2fd21af9e55e4) Importer(815301076,1909f56bfc062723c751e8b465ee728b)
Start importing Assets/Scenes/BodyShape/Animations/Medium/Breathing IdleM.fbx using Guid(61c11446f00f2ee419e2fd21af9e55e4) Importer(815301076,1909f56bfc062723c751e8b465ee728b)  -> (artifact id: '56fd1e06b2e473ff195b15757e2ae569') in 0.044157 seconds 
  Import took 0.046940 seconds .

========================================================================
Received Import Request.
  Time since last request: 0.000171 seconds.
  path: Assets/Scenes/BodyShape/Animations/Slim/Breathing IdleS.fbx
  artifactKey: Guid(ae9647d973d713841b8e3aaf40b09814) Importer(815301076,1909f56bfc062723c751e8b465ee728b)
Start importing Assets/Scenes/BodyShape/Animations/Slim/Breathing IdleS.fbx using Guid(ae9647d973d713841b8e3aaf40b09814) Importer(815301076,1909f56bfc062723c751e8b465ee728b)  -> (artifact id: 'ad56026d899cc84c0294c656758e0b46') in 0.037547 seconds 
  Import took 0.039951 seconds .

========================================================================
Received Import Request.
  Time since last request: 2.988291 seconds.
  path: Assets/Scenes/BodyShape/Pose/Medium/Mediumbody@Male Standing Pose.fbx
  artifactKey: Guid(098c612d2939c114a9aea003c79f015a) Importer(815301076,1909f56bfc062723c751e8b465ee728b)
Start importing Assets/Scenes/BodyShape/Pose/Medium/Mediumbody@Male Standing Pose.fbx using Guid(098c612d2939c114a9aea003c79f015a) Importer(815301076,1909f56bfc062723c751e8b465ee728b)  -> (artifact id: '30cd56197c7e06ceb4f6c8e42513fc19') in 0.033481 seconds 
  Import took 0.036227 seconds .

========================================================================
Received Import Request.
  Time since last request: 14.060111 seconds.
  path: Assets/Scenes/BodyShape/Pose/Medium/Mediumbody@Male Standing Pose.fbx
  artifactKey: Guid(098c612d2939c114a9aea003c79f015a) Importer(815301076,1909f56bfc062723c751e8b465ee728b)
Start importing Assets/Scenes/BodyShape/Pose/Medium/Mediumbody@Male Standing Pose.fbx using Guid(098c612d2939c114a9aea003c79f015a) Importer(815301076,1909f56bfc062723c751e8b465ee728b)  -> (artifact id: '0e664579c8dbceed29eec56d6cd7ad0b') in 0.047312 seconds 
  Import took 0.050045 seconds .

========================================================================
Received Import Request.
  Time since last request: 2.526550 seconds.
  path: Assets/Scenes/BodyShape/Pose/Medium/Mediumbody@Female Laying Pose.fbx
  artifactKey: Guid(8c410c8ae0c51b6439b89fd6f0c61125) Importer(815301076,1909f56bfc062723c751e8b465ee728b)
Start importing Assets/Scenes/BodyShape/Pose/Medium/Mediumbody@Female Laying Pose.fbx using Guid(8c410c8ae0c51b6439b89fd6f0c61125) Importer(815301076,1909f56bfc062723c751e8b465ee728b)  -> (artifact id: '761379dd18d71890245267fb3055ab46') in 0.031568 seconds 
  Import took 0.034509 seconds .

========================================================================
Received Import Request.
  Time since last request: 0.000256 seconds.
  path: Assets/Scenes/BodyShape/Pose/Medium/Mediumbody@Male Sitting Pose.fbx
  artifactKey: Guid(172e4f83bf2738d4cb35e5867b4b69f1) Importer(815301076,1909f56bfc062723c751e8b465ee728b)
Start importing Assets/Scenes/BodyShape/Pose/Medium/Mediumbody@Male Sitting Pose.fbx using Guid(172e4f83bf2738d4cb35e5867b4b69f1) Importer(815301076,1909f56bfc062723c751e8b465ee728b)  -> (artifact id: 'd796928a8bd5835530ff4be77245d975') in 0.038003 seconds 
  Import took 0.040431 seconds .

========================================================================
Received Import Request.
  Time since last request: 10.812724 seconds.
  path: Assets/Scenes/BodyShape/Pose/Medium/Mediumbody@Female Laying Pose.fbx
  artifactKey: Guid(8c410c8ae0c51b6439b89fd6f0c61125) Importer(815301076,1909f56bfc062723c751e8b465ee728b)
Start importing Assets/Scenes/BodyShape/Pose/Medium/Mediumbody@Female Laying Pose.fbx using Guid(8c410c8ae0c51b6439b89fd6f0c61125) Importer(815301076,1909f56bfc062723c751e8b465ee728b)  -> (artifact id: '14e5bbd623b18d12fc7add2c12134b77') in 0.040058 seconds 
  Import took 0.043071 seconds .

========================================================================
Received Import Request.
  Time since last request: 3.850010 seconds.
  path: Assets/Scenes/BodyShape/Pose/Medium/Mediumbody@Male Sitting Pose.fbx
  artifactKey: Guid(172e4f83bf2738d4cb35e5867b4b69f1) Importer(815301076,1909f56bfc062723c751e8b465ee728b)
Start importing Assets/Scenes/BodyShape/Pose/Medium/Mediumbody@Male Sitting Pose.fbx using Guid(172e4f83bf2738d4cb35e5867b4b69f1) Importer(815301076,1909f56bfc062723c751e8b465ee728b)  -> (artifact id: 'dd83041597459ce85373f4a5032491f7') in 0.039261 seconds 
  Import took 0.042527 seconds .

========================================================================
Received Import Request.
  Time since last request: 6.671916 seconds.
  path: Assets/Scenes/BodyShape/Animations/Medium/WalkingM.fbx
  artifactKey: Guid(ad1be72adb2e2fa459d5c489ad33cbf6) Importer(815301076,1909f56bfc062723c751e8b465ee728b)
Start importing Assets/Scenes/BodyShape/Animations/Medium/WalkingM.fbx using Guid(ad1be72adb2e2fa459d5c489ad33cbf6) Importer(815301076,1909f56bfc062723c751e8b465ee728b)  -> (artifact id: '2f8d7de6ce2143dfeea3b30f515e0c9f') in 0.057301 seconds 
  Import took 0.061182 seconds .

========================================================================
Received Import Request.
  Time since last request: 2.929965 seconds.
  path: Assets/Scenes/BodyShape/Pose/Large/LargeBody@Female Laying Pose.fbx
  artifactKey: Guid(d572a2a3a18a14641aee30b4e48bc738) Importer(815301076,1909f56bfc062723c751e8b465ee728b)
Start importing Assets/Scenes/BodyShape/Pose/Large/LargeBody@Female Laying Pose.fbx using Guid(d572a2a3a18a14641aee30b4e48bc738) Importer(815301076,1909f56bfc062723c751e8b465ee728b)  -> (artifact id: 'edc3091a9ca1df70e69218591fc0e3ba') in 0.027927 seconds 
  Import took 0.030677 seconds .

========================================================================
Received Import Request.
  Time since last request: 0.000246 seconds.
  path: Assets/Scenes/BodyShape/Pose/Large/LargeBody@Male Standing Pose.fbx
  artifactKey: Guid(93c9baad62254704fbc47e8c8f3f9b3a) Importer(815301076,1909f56bfc062723c751e8b465ee728b)
Start importing Assets/Scenes/BodyShape/Pose/Large/LargeBody@Male Standing Pose.fbx using Guid(93c9baad62254704fbc47e8c8f3f9b3a) Importer(815301076,1909f56bfc062723c751e8b465ee728b)  -> (artifact id: 'c5f64b20240cde815152b85d40137c5d') in 0.036810 seconds 
  Import took 0.039348 seconds .

========================================================================
Received Import Request.
  Time since last request: 0.000203 seconds.
  path: Assets/Scenes/BodyShape/Pose/Large/LargeBody@Male Sitting Pose.fbx
  artifactKey: Guid(c541c0ae3502fe942b4cdf21685f2150) Importer(815301076,1909f56bfc062723c751e8b465ee728b)
Start importing Assets/Scenes/BodyShape/Pose/Large/LargeBody@Male Sitting Pose.fbx using Guid(c541c0ae3502fe942b4cdf21685f2150) Importer(815301076,1909f56bfc062723c751e8b465ee728b)  -> (artifact id: '7bb53300e184897455d9750812966083') in 0.033236 seconds 
  Import took 0.037110 seconds .

========================================================================
Received Import Request.
  Time since last request: 20.397554 seconds.
  path: Assets/Scenes/BodyShape/Pose/Slim/Slimbody@Female Laying Pose.fbx
  artifactKey: Guid(50265e61e07f5d44891ba2d37138fbb7) Importer(815301076,1909f56bfc062723c751e8b465ee728b)
Start importing Assets/Scenes/BodyShape/Pose/Slim/Slimbody@Female Laying Pose.fbx using Guid(50265e61e07f5d44891ba2d37138fbb7) Importer(815301076,1909f56bfc062723c751e8b465ee728b)  -> (artifact id: '92ffdba57643b6d4dfdeed8a3f9d9c9a') in 0.035778 seconds 
  Import took 0.038898 seconds .

========================================================================
Received Import Request.
  Time since last request: 0.000183 seconds.
  path: Assets/Scenes/BodyShape/Pose/Slim/Slimbody@Male Sitting Pose.fbx
  artifactKey: Guid(02639e5013ffdd7499909bb6f0b5f602) Importer(815301076,1909f56bfc062723c751e8b465ee728b)
Start importing Assets/Scenes/BodyShape/Pose/Slim/Slimbody@Male Sitting Pose.fbx using Guid(02639e5013ffdd7499909bb6f0b5f602) Importer(815301076,1909f56bfc062723c751e8b465ee728b)  -> (artifact id: '9740f868c7635fc05e84688c48d06715') in 0.033844 seconds 
  Import took 0.036348 seconds .

========================================================================
Received Import Request.
  Time since last request: 0.000177 seconds.
  path: Assets/Scenes/BodyShape/Pose/Slim/Slimbody@Male Standing Pose.fbx
  artifactKey: Guid(b1939d69a8d645a4293d9252ad370845) Importer(815301076,1909f56bfc062723c751e8b465ee728b)
Start importing Assets/Scenes/BodyShape/Pose/Slim/Slimbody@Male Standing Pose.fbx using Guid(b1939d69a8d645a4293d9252ad370845) Importer(815301076,1909f56bfc062723c751e8b465ee728b)  -> (artifact id: 'f4c3300c2f76bd7a48548559e457ff43') in 0.035984 seconds 
  Import took 0.038483 seconds .

========================================================================
Received Import Request.
  Time since last request: 15.776778 seconds.
  path: Assets/Scenes/BodyShape/Pose/Medium/Mediumbody@Male Standing Pose.fbx
  artifactKey: Guid(098c612d2939c114a9aea003c79f015a) Importer(815301076,1909f56bfc062723c751e8b465ee728b)
Start importing Assets/Scenes/BodyShape/Pose/Medium/Mediumbody@Male Standing Pose.fbx using Guid(098c612d2939c114a9aea003c79f015a) Importer(815301076,1909f56bfc062723c751e8b465ee728b)  -> (artifact id: '7187ad5ba9445f71f452efe2809e0f3a') in 0.042531 seconds 
  Import took 0.049097 seconds .

========================================================================
Received Import Request.
  Time since last request: 71.258595 seconds.
  path: Assets/Scenes/Scripts/BodyPoseManager.cs
  artifactKey: Guid(a9e08f177c3060340b5481b0b76566e2) Importer(815301076,1909f56bfc062723c751e8b465ee728b)
Start importing Assets/Scenes/Scripts/BodyPoseManager.cs using Guid(a9e08f177c3060340b5481b0b76566e2) Importer(815301076,1909f56bfc062723c751e8b465ee728b)  -> (artifact id: '27634b11bddf5e8c6154a50f0ce1d418') in 0.028470 seconds 
  Import took 0.031382 seconds .

========================================================================
Received Prepare
Registering precompiled user dll's ...
Registered in 0.003185 seconds.
Begin MonoManager ReloadAssembly
Native extension for WindowsStandalone target not found
Refreshing native plugins compatible for Editor in 0.33 ms, found 2 plugins.
Preloading 0 native plugins for Editor in 0.00 ms.
Mono: successfully reloaded assembly
- Completed reload, in  1.325 seconds
Domain Reload Profiling:
	ReloadAssembly (1325ms)
		BeginReloadAssembly (125ms)
			ExecutionOrderSort (0ms)
			DisableScriptedObjects (6ms)
			BackupInstance (0ms)
			ReleaseScriptingObjects (0ms)
			CreateAndSetChildDomain (41ms)
		EndReloadAssembly (1060ms)
			LoadAssemblies (99ms)
			RebuildTransferFunctionScriptingTraits (0ms)
			SetupTypeCache (448ms)
			ReleaseScriptCaches (1ms)
			RebuildScriptCaches (45ms)
			SetupLoadedEditorAssemblies (342ms)
				LogAssemblyErrors (0ms)
				InitializePlatformSupportModulesInManaged (4ms)
				SetLoadedEditorAssemblies (0ms)
				RefreshPlugins (0ms)
				BeforeProcessingInitializeOnLoad (72ms)
				ProcessInitializeOnLoadAttributes (248ms)
				ProcessInitializeOnLoadMethodAttributes (14ms)
				AfterProcessingInitializeOnLoad (3ms)
				EditorAssembliesLoaded (0ms)
			ExecutionOrderSort2 (0ms)
			AwakeInstancesAfterBackupRestoration (12ms)
Platform modules already initialized, skipping
Switching build target platform(19) subTarget(0) extendedPlatform(0) -> platform(13) subTarget(537395200) extendedPlatform(0)
Refreshing native plugins compatible for Editor in 0.37 ms, found 2 plugins.
Preloading 0 native plugins for Editor in 0.00 ms.
Unloading 1503 Unused Serialized files (Serialized files now loaded: 0)
System memory in use before: 85.9 MB.
System memory in use after: 86.0 MB.

Unloading 15 unused Assets to reduce memory usage. Loaded Objects now: 1951.
Total: 5.726300 ms (FindLiveObjects: 0.122100 ms CreateObjectMapping: 0.049800 ms MarkObjects: 5.510300 ms  DeleteObjects: 0.042400 ms)

AssetImportParameters requested are different than current active one (requested -> active):
  custom:framework-win-MediaFoundation: 216162199b28c13a410421893ffa2e32 -> 
  custom:video-decoder-ogg-theora: a1e56fd34408186e4bbccfd4996cb3dc -> 
  custom:container-muxer-webm: aa71ff27fc2769a1b78a27578f13a17b -> 
  custom:container-demuxer-webm: 4f35f7cbe854078d1ac9338744f61a02 -> 
  custom:container-demuxer-ogg: 62fdf1f143b41e24485cea50d1cbac27 -> 
  custom:video-encoder-webm-vp8: eb34c28f22e8b96e1ab97ce403110664 -> 
  custom:video-decoder-webm-vp8: 9c59270c3fd7afecdb556c50c9e8de78 -> 
  custom:graphics/normal-map-encoding: 01000000000000000000000000000000 -> 02000000000000000000000000000000
  custom:audio-decoder-ogg-vorbis: bf7c407c2cedff20999df2af8eb42d56 -> 
  custom:audio-encoder-webm-vorbis: bf7c407c2cedff20999df2af8eb42d56 -> 
========================================================================
Received Prepare
Registering precompiled user dll's ...
Registered in 0.004296 seconds.
Begin MonoManager ReloadAssembly
Native extension for WindowsStandalone target not found
Refreshing native plugins compatible for Editor in 0.37 ms, found 2 plugins.
Preloading 0 native plugins for Editor in 0.00 ms.
Mono: successfully reloaded assembly
- Completed reload, in  1.066 seconds
Domain Reload Profiling:
	ReloadAssembly (1067ms)
		BeginReloadAssembly (125ms)
			ExecutionOrderSort (0ms)
			DisableScriptedObjects (6ms)
			BackupInstance (0ms)
			ReleaseScriptingObjects (0ms)
			CreateAndSetChildDomain (34ms)
		EndReloadAssembly (881ms)
			LoadAssemblies (94ms)
			RebuildTransferFunctionScriptingTraits (0ms)
			SetupTypeCache (328ms)
			ReleaseScriptCaches (1ms)
			RebuildScriptCaches (39ms)
			SetupLoadedEditorAssemblies (319ms)
				LogAssemblyErrors (0ms)
				InitializePlatformSupportModulesInManaged (6ms)
				SetLoadedEditorAssemblies (0ms)
				RefreshPlugins (0ms)
				BeforeProcessingInitializeOnLoad (80ms)
				ProcessInitializeOnLoadAttributes (220ms)
				ProcessInitializeOnLoadMethodAttributes (9ms)
				AfterProcessingInitializeOnLoad (3ms)
				EditorAssembliesLoaded (0ms)
			ExecutionOrderSort2 (0ms)
			AwakeInstancesAfterBackupRestoration (6ms)
Platform modules already initialized, skipping
Switching build target platform(19) subTarget(0) extendedPlatform(0) -> platform(13) subTarget(537395200) extendedPlatform(0)
Refreshing native plugins compatible for Editor in 0.31 ms, found 2 plugins.
Preloading 0 native plugins for Editor in 0.00 ms.
Unloading 1503 Unused Serialized files (Serialized files now loaded: 0)
System memory in use before: 85.9 MB.
System memory in use after: 86.0 MB.

Unloading 14 unused Assets to reduce memory usage. Loaded Objects now: 1953.
Total: 3.943300 ms (FindLiveObjects: 0.118000 ms CreateObjectMapping: 0.048300 ms MarkObjects: 3.756900 ms  DeleteObjects: 0.018600 ms)

AssetImportParameters requested are different than current active one (requested -> active):
  custom:framework-win-MediaFoundation: 216162199b28c13a410421893ffa2e32 -> 
  custom:video-decoder-ogg-theora: a1e56fd34408186e4bbccfd4996cb3dc -> 
  custom:container-muxer-webm: aa71ff27fc2769a1b78a27578f13a17b -> 
  custom:container-demuxer-webm: 4f35f7cbe854078d1ac9338744f61a02 -> 
  custom:container-demuxer-ogg: 62fdf1f143b41e24485cea50d1cbac27 -> 
  custom:video-encoder-webm-vp8: eb34c28f22e8b96e1ab97ce403110664 -> 
  custom:video-decoder-webm-vp8: 9c59270c3fd7afecdb556c50c9e8de78 -> 
  custom:graphics/normal-map-encoding: 01000000000000000000000000000000 -> 02000000000000000000000000000000
  custom:audio-decoder-ogg-vorbis: bf7c407c2cedff20999df2af8eb42d56 -> 
  custom:audio-encoder-webm-vorbis: bf7c407c2cedff20999df2af8eb42d56 -> 
========================================================================
Received Import Request.
  Time since last request: 416.533896 seconds.
  path: Assets/Scenes/Animation/PoseManager.controller
  artifactKey: Guid(1219cbbffae0df84b8a85424125482d1) Importer(815301076,1909f56bfc062723c751e8b465ee728b)
Start importing Assets/Scenes/Animation/PoseManager.controller using Guid(1219cbbffae0df84b8a85424125482d1) Importer(815301076,1909f56bfc062723c751e8b465ee728b)  -> (artifact id: '36cb250d85cced7e6a9801d8ab8d74d7') in 0.022068 seconds 
  Import took 0.069342 seconds .

========================================================================
Received Import Request.
  Time since last request: 334.348694 seconds.
  path: Assets/Scenes/Animation/LargeBody 1.overrideController
  artifactKey: Guid(58f93966c98742f42bff075bc4fbe0ff) Importer(815301076,1909f56bfc062723c751e8b465ee728b)
Start importing Assets/Scenes/Animation/LargeBody 1.overrideController using Guid(58f93966c98742f42bff075bc4fbe0ff) Importer(815301076,1909f56bfc062723c751e8b465ee728b)  -> (artifact id: '59aae802f2a34c347ca0422e580dcf69') in 0.016320 seconds 
  Import took 0.020154 seconds .

========================================================================
Received Import Request.
  Time since last request: 0.000163 seconds.
  path: Assets/Scenes/Animation/MediumBody 1.overrideController
  artifactKey: Guid(454b09902ba918a4d99a5d8192549d0b) Importer(815301076,1909f56bfc062723c751e8b465ee728b)
Start importing Assets/Scenes/Animation/MediumBody 1.overrideController using Guid(454b09902ba918a4d99a5d8192549d0b) Importer(815301076,1909f56bfc062723c751e8b465ee728b)  -> (artifact id: '4d173e50185338354a7c70bbb44d656d') in 0.019432 seconds 
  Import took 0.022227 seconds .

========================================================================
Received Import Request.
  Time since last request: 0.000182 seconds.
  path: Assets/Scenes/Animation/SlimBody 1.overrideController
  artifactKey: Guid(978b1dad7e93dc14d9369c4ea09a2349) Importer(815301076,1909f56bfc062723c751e8b465ee728b)
Start importing Assets/Scenes/Animation/SlimBody 1.overrideController using Guid(978b1dad7e93dc14d9369c4ea09a2349) Importer(815301076,1909f56bfc062723c751e8b465ee728b)  -> (artifact id: '96b5b32ce073c96ec8f7b2284fed4b56') in 0.014276 seconds 
  Import took 0.021584 seconds .

========================================================================
Received Import Request.
  Time since last request: 6.206703 seconds.
  path: Assets/Scenes/Animation/LargeBodyPose.overrideController
  artifactKey: Guid(58f93966c98742f42bff075bc4fbe0ff) Importer(815301076,1909f56bfc062723c751e8b465ee728b)
Start importing Assets/Scenes/Animation/LargeBodyPose.overrideController using Guid(58f93966c98742f42bff075bc4fbe0ff) Importer(815301076,1909f56bfc062723c751e8b465ee728b)  -> (artifact id: 'ad094d953dd6d341a94fef4c515ac521') in 0.014586 seconds 
  Import took 0.017704 seconds .

========================================================================
Received Import Request.
  Time since last request: 6.048007 seconds.
  path: Assets/Scenes/Animation/MediumBodyPose.overrideController
  artifactKey: Guid(454b09902ba918a4d99a5d8192549d0b) Importer(815301076,1909f56bfc062723c751e8b465ee728b)
Start importing Assets/Scenes/Animation/MediumBodyPose.overrideController using Guid(454b09902ba918a4d99a5d8192549d0b) Importer(815301076,1909f56bfc062723c751e8b465ee728b)  -> (artifact id: 'fe64c4be3fcbc59996384c1ed83f802c') in 0.017090 seconds 
  Import took 0.019761 seconds .

========================================================================
Received Import Request.
  Time since last request: 3.616632 seconds.
  path: Assets/Scenes/Animation/SlimBodyPose.overrideController
  artifactKey: Guid(978b1dad7e93dc14d9369c4ea09a2349) Importer(815301076,1909f56bfc062723c751e8b465ee728b)
Start importing Assets/Scenes/Animation/SlimBodyPose.overrideController using Guid(978b1dad7e93dc14d9369c4ea09a2349) Importer(815301076,1909f56bfc062723c751e8b465ee728b)  -> (artifact id: '324131fe16d1bc9c5c287249be6123c9') in 0.017463 seconds 
  Import took 0.021163 seconds .

========================================================================
Received Import Request.
  Time since last request: 3.385740 seconds.
  path: Assets/Scenes/Animation/BodyAnimator.controller
  artifactKey: Guid(ef406a8ee1782ce4c9fd861af1bc667f) Importer(815301076,1909f56bfc062723c751e8b465ee728b)
Start importing Assets/Scenes/Animation/BodyAnimator.controller using Guid(ef406a8ee1782ce4c9fd861af1bc667f) Importer(815301076,1909f56bfc062723c751e8b465ee728b)  -> (artifact id: '64c8ab7ff8f4a1291491ade3db8414f2') in 0.010279 seconds 
  Import took 0.013933 seconds .

========================================================================
Received Import Request.
  Time since last request: 28.881703 seconds.
  path: Assets/Scenes/BodyShape/Animations/Large/WalkingL.fbx
  artifactKey: Guid(e222964573710434e93d3b1728466412) Importer(815301076,1909f56bfc062723c751e8b465ee728b)
Start importing Assets/Scenes/BodyShape/Animations/Large/WalkingL.fbx using Guid(e222964573710434e93d3b1728466412) Importer(815301076,1909f56bfc062723c751e8b465ee728b)  -> (artifact id: '817d2328ed803ac6a22bb21e6a4ce2c6') in 0.094784 seconds 
  Import took 0.097364 seconds .

========================================================================
Received Import Request.
  Time since last request: 0.000175 seconds.
  path: Assets/Scenes/BodyShape/Animations/Slim/WalkingS.fbx
  artifactKey: Guid(12cfdb5c1d124d54fa17851f4ddc8b62) Importer(815301076,1909f56bfc062723c751e8b465ee728b)
Start importing Assets/Scenes/BodyShape/Animations/Slim/WalkingS.fbx using Guid(12cfdb5c1d124d54fa17851f4ddc8b62) Importer(815301076,1909f56bfc062723c751e8b465ee728b)  -> (artifact id: '8731725b237ca02641ffd3f91f8d45d4') in 0.040315 seconds 
  Import took 0.043152 seconds .

========================================================================
Received Import Request.
  Time since last request: 125.968568 seconds.
  path: Assets/Scenes/SampleScene.unity
  artifactKey: Guid(9fc0d4010bbf28b4594072e72b8655ab) Importer(815301076,1909f56bfc062723c751e8b465ee728b)
Start importing Assets/Scenes/SampleScene.unity using Guid(9fc0d4010bbf28b4594072e72b8655ab) Importer(815301076,1909f56bfc062723c751e8b465ee728b)  -> (artifact id: '47de6496a254bc82d88eae0e274a0036') in 0.006002 seconds 
  Import took 0.008602 seconds .

========================================================================
Received Import Request.
  Time since last request: 93.757718 seconds.
  path: Assets/Scenes/Animation/LargeBodyPose.overrideController
  artifactKey: Guid(58f93966c98742f42bff075bc4fbe0ff) Importer(815301076,1909f56bfc062723c751e8b465ee728b)
Start importing Assets/Scenes/Animation/LargeBodyPose.overrideController using Guid(58f93966c98742f42bff075bc4fbe0ff) Importer(815301076,1909f56bfc062723c751e8b465ee728b)  -> (artifact id: 'f91bd46f7aed1d278073b5d446ef3308') in 0.006684 seconds 
  Import took 0.010056 seconds .

========================================================================
Received Import Request.
  Time since last request: 0.000198 seconds.
  path: Assets/Scenes/Animation/MediumBodyPose.overrideController
  artifactKey: Guid(454b09902ba918a4d99a5d8192549d0b) Importer(815301076,1909f56bfc062723c751e8b465ee728b)
Start importing Assets/Scenes/Animation/MediumBodyPose.overrideController using Guid(454b09902ba918a4d99a5d8192549d0b) Importer(815301076,1909f56bfc062723c751e8b465ee728b)  -> (artifact id: '159b8025a6f29903fcb578215d5668eb') in 0.008107 seconds 
  Import took 0.014428 seconds .

========================================================================
Received Import Request.
  Time since last request: 0.000244 seconds.
  path: Assets/Scenes/Animation/SlimBodyPose.overrideController
  artifactKey: Guid(978b1dad7e93dc14d9369c4ea09a2349) Importer(815301076,1909f56bfc062723c751e8b465ee728b)
Start importing Assets/Scenes/Animation/SlimBodyPose.overrideController using Guid(978b1dad7e93dc14d9369c4ea09a2349) Importer(815301076,1909f56bfc062723c751e8b465ee728b)  -> (artifact id: '48036151f9671bca650a782970afb04d') in 0.007444 seconds 
  Import took 0.010181 seconds .

========================================================================
Received Prepare
Registering precompiled user dll's ...
Registered in 0.003016 seconds.
Begin MonoManager ReloadAssembly
Native extension for WindowsStandalone target not found
Refreshing native plugins compatible for Editor in 0.31 ms, found 2 plugins.
Preloading 0 native plugins for Editor in 0.00 ms.
Mono: successfully reloaded assembly
- Completed reload, in  1.067 seconds
Domain Reload Profiling:
	ReloadAssembly (1068ms)
		BeginReloadAssembly (124ms)
			ExecutionOrderSort (0ms)
			DisableScriptedObjects (4ms)
			BackupInstance (0ms)
			ReleaseScriptingObjects (0ms)
			CreateAndSetChildDomain (40ms)
		EndReloadAssembly (880ms)
			LoadAssemblies (94ms)
			RebuildTransferFunctionScriptingTraits (0ms)
			SetupTypeCache (329ms)
			ReleaseScriptCaches (1ms)
			RebuildScriptCaches (47ms)
			SetupLoadedEditorAssemblies (297ms)
				LogAssemblyErrors (0ms)
				InitializePlatformSupportModulesInManaged (4ms)
				SetLoadedEditorAssemblies (0ms)
				RefreshPlugins (0ms)
				BeforeProcessingInitializeOnLoad (74ms)
				ProcessInitializeOnLoadAttributes (205ms)
				ProcessInitializeOnLoadMethodAttributes (9ms)
				AfterProcessingInitializeOnLoad (4ms)
				EditorAssembliesLoaded (0ms)
			ExecutionOrderSort2 (0ms)
			AwakeInstancesAfterBackupRestoration (7ms)
Platform modules already initialized, skipping
Switching build target platform(19) subTarget(0) extendedPlatform(0) -> platform(13) subTarget(537395200) extendedPlatform(0)
Refreshing native plugins compatible for Editor in 0.32 ms, found 2 plugins.
Preloading 0 native plugins for Editor in 0.00 ms.
Unloading 1503 Unused Serialized files (Serialized files now loaded: 0)
System memory in use before: 86.0 MB.
System memory in use after: 86.1 MB.

Unloading 15 unused Assets to reduce memory usage. Loaded Objects now: 1956.
Total: 2.582300 ms (FindLiveObjects: 0.115200 ms CreateObjectMapping: 0.046000 ms MarkObjects: 2.399800 ms  DeleteObjects: 0.020500 ms)

AssetImportParameters requested are different than current active one (requested -> active):
  custom:framework-win-MediaFoundation: 216162199b28c13a410421893ffa2e32 -> 
  custom:video-decoder-ogg-theora: a1e56fd34408186e4bbccfd4996cb3dc -> 
  custom:container-muxer-webm: aa71ff27fc2769a1b78a27578f13a17b -> 
  custom:container-demuxer-webm: 4f35f7cbe854078d1ac9338744f61a02 -> 
  custom:container-demuxer-ogg: 62fdf1f143b41e24485cea50d1cbac27 -> 
  custom:video-encoder-webm-vp8: eb34c28f22e8b96e1ab97ce403110664 -> 
  custom:video-decoder-webm-vp8: 9c59270c3fd7afecdb556c50c9e8de78 -> 
  custom:graphics/normal-map-encoding: 01000000000000000000000000000000 -> 02000000000000000000000000000000
  custom:audio-decoder-ogg-vorbis: bf7c407c2cedff20999df2af8eb42d56 -> 
  custom:audio-encoder-webm-vorbis: bf7c407c2cedff20999df2af8eb42d56 -> 
========================================================================
Received Import Request.
  Time since last request: 75.462386 seconds.
  path: Assets/Scenes/PoseScene.unity
  artifactKey: Guid(2981be5f63068684d84e3c56e3b85d81) Importer(815301076,1909f56bfc062723c751e8b465ee728b)
Start importing Assets/Scenes/PoseScene.unity using Guid(2981be5f63068684d84e3c56e3b85d81) Importer(815301076,1909f56bfc062723c751e8b465ee728b)  -> (artifact id: '8c1234f0319aec1e4c045edbd9269ae3') in 0.015471 seconds 
  Import took 0.024990 seconds .

========================================================================
Received Import Request.
  Time since last request: 8.008845 seconds.
  path: Assets/Scenes/SampleScene.unity
  artifactKey: Guid(9fc0d4010bbf28b4594072e72b8655ab) Importer(815301076,1909f56bfc062723c751e8b465ee728b)
Start importing Assets/Scenes/SampleScene.unity using Guid(9fc0d4010bbf28b4594072e72b8655ab) Importer(815301076,1909f56bfc062723c751e8b465ee728b)  -> (artifact id: 'd011fd66e62ded1bb161537650228561') in 0.003486 seconds 
  Import took 0.005902 seconds .

========================================================================
Received Import Request.
  Time since last request: 18.283935 seconds.
  path: Assets/Scenes/WeightScene.unity
  artifactKey: Guid(9fc0d4010bbf28b4594072e72b8655ab) Importer(815301076,1909f56bfc062723c751e8b465ee728b)
Start importing Assets/Scenes/WeightScene.unity using Guid(9fc0d4010bbf28b4594072e72b8655ab) Importer(815301076,1909f56bfc062723c751e8b465ee728b)  -> (artifact id: 'b6a4aa88282ae3b55dd4c30516408050') in 0.013806 seconds 
  Import took 0.016496 seconds .

========================================================================
Received Import Request.
  Time since last request: 10.038183 seconds.
  path: Assets/Scenes/2.unity
  artifactKey: Guid(a740e4295906e9549b39e52afd4b0ea5) Importer(815301076,1909f56bfc062723c751e8b465ee728b)
Start importing Assets/Scenes/2.unity using Guid(a740e4295906e9549b39e52afd4b0ea5) Importer(815301076,1909f56bfc062723c751e8b465ee728b)  -> (artifact id: 'bceee7eb7a1e4cb36ca7b5745d4880e3') in 0.009003 seconds 
  Import took 0.011934 seconds .

========================================================================
Received Import Request.
  Time since last request: 5.383734 seconds.
  path: Assets/Scenes/LoadingScene.unity
  artifactKey: Guid(a740e4295906e9549b39e52afd4b0ea5) Importer(815301076,1909f56bfc062723c751e8b465ee728b)
Start importing Assets/Scenes/LoadingScene.unity using Guid(a740e4295906e9549b39e52afd4b0ea5) Importer(815301076,1909f56bfc062723c751e8b465ee728b)  -> (artifact id: '5f84a0e1d3084f509c1e8cf524019129') in 0.011217 seconds 
  Import took 0.013494 seconds .

========================================================================
Received Prepare
Registering precompiled user dll's ...
Registered in 0.003215 seconds.
Begin MonoManager ReloadAssembly
Native extension for WindowsStandalone target not found
Refreshing native plugins compatible for Editor in 0.31 ms, found 2 plugins.
Preloading 0 native plugins for Editor in 0.00 ms.
Mono: successfully reloaded assembly
- Completed reload, in  1.070 seconds
Domain Reload Profiling:
	ReloadAssembly (1070ms)
		BeginReloadAssembly (119ms)
			ExecutionOrderSort (0ms)
			DisableScriptedObjects (4ms)
			BackupInstance (0ms)
			ReleaseScriptingObjects (0ms)
			CreateAndSetChildDomain (32ms)
		EndReloadAssembly (884ms)
			LoadAssemblies (98ms)
			RebuildTransferFunctionScriptingTraits (0ms)
			SetupTypeCache (334ms)
			ReleaseScriptCaches (1ms)
			RebuildScriptCaches (40ms)
			SetupLoadedEditorAssemblies (291ms)
				LogAssemblyErrors (0ms)
				InitializePlatformSupportModulesInManaged (4ms)
				SetLoadedEditorAssemblies (1ms)
				RefreshPlugins (0ms)
				BeforeProcessingInitializeOnLoad (75ms)
				ProcessInitializeOnLoadAttributes (196ms)
				ProcessInitializeOnLoadMethodAttributes (13ms)
				AfterProcessingInitializeOnLoad (3ms)
				EditorAssembliesLoaded (0ms)
			ExecutionOrderSort2 (0ms)
			AwakeInstancesAfterBackupRestoration (10ms)
Platform modules already initialized, skipping
Switching build target platform(19) subTarget(0) extendedPlatform(0) -> platform(13) subTarget(537395200) extendedPlatform(0)
Refreshing native plugins compatible for Editor in 0.32 ms, found 2 plugins.
Preloading 0 native plugins for Editor in 0.00 ms.
Unloading 1503 Unused Serialized files (Serialized files now loaded: 0)
System memory in use before: 86.0 MB.
System memory in use after: 86.1 MB.

Unloading 14 unused Assets to reduce memory usage. Loaded Objects now: 1958.
Total: 2.500900 ms (FindLiveObjects: 0.109600 ms CreateObjectMapping: 0.043000 ms MarkObjects: 2.331300 ms  DeleteObjects: 0.016200 ms)

AssetImportParameters requested are different than current active one (requested -> active):
  custom:framework-win-MediaFoundation: 216162199b28c13a410421893ffa2e32 -> 
  custom:video-decoder-ogg-theora: a1e56fd34408186e4bbccfd4996cb3dc -> 
  custom:container-muxer-webm: aa71ff27fc2769a1b78a27578f13a17b -> 
  custom:container-demuxer-webm: 4f35f7cbe854078d1ac9338744f61a02 -> 
  custom:container-demuxer-ogg: 62fdf1f143b41e24485cea50d1cbac27 -> 
  custom:video-encoder-webm-vp8: eb34c28f22e8b96e1ab97ce403110664 -> 
  custom:video-decoder-webm-vp8: 9c59270c3fd7afecdb556c50c9e8de78 -> 
  custom:graphics/normal-map-encoding: 01000000000000000000000000000000 -> 02000000000000000000000000000000
  custom:audio-decoder-ogg-vorbis: bf7c407c2cedff20999df2af8eb42d56 -> 
  custom:audio-encoder-webm-vorbis: bf7c407c2cedff20999df2af8eb42d56 -> 
========================================================================
Received Import Request.
  Time since last request: 144.993992 seconds.
  path: Assets/Scenes/BodyShape/Animations/Large/Breathing IdleL.fbx
  artifactKey: Guid(8c0a893e7d15a2c4f83e66af1901c458) Importer(815301076,1909f56bfc062723c751e8b465ee728b)
Start importing Assets/Scenes/BodyShape/Animations/Large/Breathing IdleL.fbx using Guid(8c0a893e7d15a2c4f83e66af1901c458) Importer(815301076,1909f56bfc062723c751e8b465ee728b)  -> (artifact id: 'bd177381c1a2778913cc0a892a1282a7') in 0.090981 seconds 
  Import took 0.094375 seconds .

========================================================================
Received Import Request.
  Time since last request: 5.268528 seconds.
  path: Assets/Scenes/BodyShape/Animations/Large/WalkingL.fbx
  artifactKey: Guid(e222964573710434e93d3b1728466412) Importer(815301076,1909f56bfc062723c751e8b465ee728b)
Start importing Assets/Scenes/BodyShape/Animations/Large/WalkingL.fbx using Guid(e222964573710434e93d3b1728466412) Importer(815301076,1909f56bfc062723c751e8b465ee728b)  -> (artifact id: 'fd093797acca0c1cbc71226bd28bfd47') in 0.033275 seconds 
  Import took 0.035967 seconds .

========================================================================
Received Import Request.
  Time since last request: 9.485076 seconds.
  path: Assets/Scenes/BodyShape/Animations/Medium/Breathing IdleM.fbx
  artifactKey: Guid(61c11446f00f2ee419e2fd21af9e55e4) Importer(815301076,1909f56bfc062723c751e8b465ee728b)
Start importing Assets/Scenes/BodyShape/Animations/Medium/Breathing IdleM.fbx using Guid(61c11446f00f2ee419e2fd21af9e55e4) Importer(815301076,1909f56bfc062723c751e8b465ee728b)  -> (artifact id: '92924edcb2ac44ee4580e20ca9499040') in 0.055144 seconds 
  Import took 0.058084 seconds .

========================================================================
Received Import Request.
  Time since last request: 0.000226 seconds.
  path: Assets/Scenes/BodyShape/Animations/Medium/WalkingM.fbx
  artifactKey: Guid(ad1be72adb2e2fa459d5c489ad33cbf6) Importer(815301076,1909f56bfc062723c751e8b465ee728b)
Start importing Assets/Scenes/BodyShape/Animations/Medium/WalkingM.fbx using Guid(ad1be72adb2e2fa459d5c489ad33cbf6) Importer(815301076,1909f56bfc062723c751e8b465ee728b)  -> (artifact id: '821df1a796c5f3c7e16bdeeb906acc0f') in 0.046610 seconds 
  Import took 0.049484 seconds .

========================================================================
Received Import Request.
  Time since last request: 9.443328 seconds.
  path: Assets/Scenes/BodyShape/Animations/Medium/WalkingM.fbx
  artifactKey: Guid(ad1be72adb2e2fa459d5c489ad33cbf6) Importer(815301076,1909f56bfc062723c751e8b465ee728b)
Start importing Assets/Scenes/BodyShape/Animations/Medium/WalkingM.fbx using Guid(ad1be72adb2e2fa459d5c489ad33cbf6) Importer(815301076,1909f56bfc062723c751e8b465ee728b)  -> (artifact id: '80f4e6a641d4c12e4ad0214d9fee66e0') in 0.049071 seconds 
  Import took 0.052189 seconds .

========================================================================
Received Import Request.
  Time since last request: 10.960838 seconds.
  path: Assets/Scenes/BodyShape/Animations/Large/WalkingL.fbx
  artifactKey: Guid(e222964573710434e93d3b1728466412) Importer(815301076,1909f56bfc062723c751e8b465ee728b)
Start importing Assets/Scenes/BodyShape/Animations/Large/WalkingL.fbx using Guid(e222964573710434e93d3b1728466412) Importer(815301076,1909f56bfc062723c751e8b465ee728b)  -> (artifact id: '1baeb1b2882690db64ad9bba5a649bb5') in 0.047755 seconds 
  Import took 0.063374 seconds .

========================================================================
Received Import Request.
  Time since last request: 9.285245 seconds.
  path: Assets/Scenes/BodyShape/Pose/Medium/Mediumbody@Female Laying Pose.fbx
  artifactKey: Guid(8c410c8ae0c51b6439b89fd6f0c61125) Importer(815301076,1909f56bfc062723c751e8b465ee728b)
Start importing Assets/Scenes/BodyShape/Pose/Medium/Mediumbody@Female Laying Pose.fbx using Guid(8c410c8ae0c51b6439b89fd6f0c61125) Importer(815301076,1909f56bfc062723c751e8b465ee728b)  -> (artifact id: 'b3fd5200217f7a8b458df8240f0e7838') in 0.036634 seconds 
  Import took 0.039486 seconds .

========================================================================
Received Import Request.
  Time since last request: 9.061613 seconds.
  path: Assets/Scenes/BodyShape/Pose/Medium/Mediumbody@Male Sitting Pose.fbx
  artifactKey: Guid(172e4f83bf2738d4cb35e5867b4b69f1) Importer(815301076,1909f56bfc062723c751e8b465ee728b)
Start importing Assets/Scenes/BodyShape/Pose/Medium/Mediumbody@Male Sitting Pose.fbx using Guid(172e4f83bf2738d4cb35e5867b4b69f1) Importer(815301076,1909f56bfc062723c751e8b465ee728b)  -> (artifact id: '6fecf0afad41f05da3c821dbc84e75c0') in 0.037480 seconds 
  Import took 0.041166 seconds .

========================================================================
Received Import Request.
  Time since last request: 0.000503 seconds.
  path: Assets/Scenes/BodyShape/Pose/Medium/Mediumbody@Male Standing Pose.fbx
  artifactKey: Guid(098c612d2939c114a9aea003c79f015a) Importer(815301076,1909f56bfc062723c751e8b465ee728b)
Start importing Assets/Scenes/BodyShape/Pose/Medium/Mediumbody@Male Standing Pose.fbx using Guid(098c612d2939c114a9aea003c79f015a) Importer(815301076,1909f56bfc062723c751e8b465ee728b)  -> (artifact id: '06e0442499eed4f8949dd867c168e68c') in 0.040740 seconds 
  Import took 0.044554 seconds .

========================================================================
Received Import Request.
  Time since last request: 10.226103 seconds.
  path: Assets/Scenes/BodyShape/Pose/Large/LargeBody@Female Laying Pose.fbx
  artifactKey: Guid(d572a2a3a18a14641aee30b4e48bc738) Importer(815301076,1909f56bfc062723c751e8b465ee728b)
Start importing Assets/Scenes/BodyShape/Pose/Large/LargeBody@Female Laying Pose.fbx using Guid(d572a2a3a18a14641aee30b4e48bc738) Importer(815301076,1909f56bfc062723c751e8b465ee728b)  -> (artifact id: '2622143797eab9cc1b444a492483f6ef') in 0.048748 seconds 
  Import took 0.068628 seconds .

========================================================================
Received Import Request.
  Time since last request: 0.000312 seconds.
  path: Assets/Scenes/BodyShape/Pose/Large/LargeBody@Male Standing Pose.fbx
  artifactKey: Guid(93c9baad62254704fbc47e8c8f3f9b3a) Importer(815301076,1909f56bfc062723c751e8b465ee728b)
Start importing Assets/Scenes/BodyShape/Pose/Large/LargeBody@Male Standing Pose.fbx using Guid(93c9baad62254704fbc47e8c8f3f9b3a) Importer(815301076,1909f56bfc062723c751e8b465ee728b)  -> (artifact id: '9879dff9d144830b2b35d2b1d63b4fea') in 0.048153 seconds 
  Import took 0.059339 seconds .

========================================================================
Received Import Request.
  Time since last request: 0.000727 seconds.
  path: Assets/Scenes/BodyShape/Pose/Large/LargeBody@Male Sitting Pose.fbx
  artifactKey: Guid(c541c0ae3502fe942b4cdf21685f2150) Importer(815301076,1909f56bfc062723c751e8b465ee728b)
Start importing Assets/Scenes/BodyShape/Pose/Large/LargeBody@Male Sitting Pose.fbx using Guid(c541c0ae3502fe942b4cdf21685f2150) Importer(815301076,1909f56bfc062723c751e8b465ee728b)  -> (artifact id: '5275a08250204d6deccd5aff091fd2cd') in 0.055040 seconds 
  Import took 0.060037 seconds .

========================================================================
Received Prepare
Registering precompiled user dll's ...
Registered in 0.002971 seconds.
Begin MonoManager ReloadAssembly
Native extension for WindowsStandalone target not found
Refreshing native plugins compatible for Editor in 0.40 ms, found 2 plugins.
Preloading 0 native plugins for Editor in 0.00 ms.
Mono: successfully reloaded assembly
- Completed reload, in  1.001 seconds
Domain Reload Profiling:
	ReloadAssembly (1001ms)
		BeginReloadAssembly (118ms)
			ExecutionOrderSort (0ms)
			DisableScriptedObjects (5ms)
			BackupInstance (0ms)
			ReleaseScriptingObjects (0ms)
			CreateAndSetChildDomain (33ms)
		EndReloadAssembly (825ms)
			LoadAssemblies (88ms)
			RebuildTransferFunctionScriptingTraits (0ms)
			SetupTypeCache (296ms)
			ReleaseScriptCaches (1ms)
			RebuildScriptCaches (39ms)
			SetupLoadedEditorAssemblies (291ms)
				LogAssemblyErrors (0ms)
				InitializePlatformSupportModulesInManaged (4ms)
				SetLoadedEditorAssemblies (1ms)
				RefreshPlugins (0ms)
				BeforeProcessingInitializeOnLoad (74ms)
				ProcessInitializeOnLoadAttributes (199ms)
				ProcessInitializeOnLoadMethodAttributes (8ms)
				AfterProcessingInitializeOnLoad (3ms)
				EditorAssembliesLoaded (0ms)
			ExecutionOrderSort2 (0ms)
			AwakeInstancesAfterBackupRestoration (6ms)
Platform modules already initialized, skipping
Switching build target platform(19) subTarget(0) extendedPlatform(0) -> platform(13) subTarget(537395200) extendedPlatform(0)
Refreshing native plugins compatible for Editor in 0.32 ms, found 2 plugins.
Preloading 0 native plugins for Editor in 0.00 ms.
Unloading 1503 Unused Serialized files (Serialized files now loaded: 0)
System memory in use before: 86.2 MB.
System memory in use after: 86.3 MB.

Unloading 15 unused Assets to reduce memory usage. Loaded Objects now: 1961.
Total: 2.512800 ms (FindLiveObjects: 0.114100 ms CreateObjectMapping: 0.048800 ms MarkObjects: 2.331500 ms  DeleteObjects: 0.017400 ms)

AssetImportParameters requested are different than current active one (requested -> active):
  custom:framework-win-MediaFoundation: 216162199b28c13a410421893ffa2e32 -> 
  custom:video-decoder-ogg-theora: a1e56fd34408186e4bbccfd4996cb3dc -> 
  custom:container-muxer-webm: aa71ff27fc2769a1b78a27578f13a17b -> 
  custom:container-demuxer-webm: 4f35f7cbe854078d1ac9338744f61a02 -> 
  custom:container-demuxer-ogg: 62fdf1f143b41e24485cea50d1cbac27 -> 
  custom:video-encoder-webm-vp8: eb34c28f22e8b96e1ab97ce403110664 -> 
  custom:video-decoder-webm-vp8: 9c59270c3fd7afecdb556c50c9e8de78 -> 
  custom:graphics/normal-map-encoding: 01000000000000000000000000000000 -> 02000000000000000000000000000000
  custom:audio-decoder-ogg-vorbis: bf7c407c2cedff20999df2af8eb42d56 -> 
  custom:audio-encoder-webm-vorbis: bf7c407c2cedff20999df2af8eb42d56 -> 
AssetImportWorkerClient::OnTransportError - code=2 error=End of file
